<?xml version="1.0" encoding="UTF-8"?>
<!-- Generated by org.testng.reporters.JUnitReportReporter -->
<testsuite skipped="0" hostname="LAPTOP-2FUVDDR2" name="seleniumpackage.DEmotestngprog" tests="1" failures="0" timestamp="19 Aug 2021 14:18:56 GMT" time="0.000" errors="0">
  <testcase name="createuser" time="0.000" classname="seleniumpackage.DEmotestngprog"/>
</testsuite> <!-- seleniumpackage.DEmotestngprog -->
