<?xml version="1.0" encoding="UTF-8"?>
<!-- Generated by org.testng.reporters.JUnitReportReporter -->
<testsuite skipped="0" hostname="LAPTOP-2FUVDDR2" name="Com.vtiger.Testscripts.Createnewlead" tests="1" failures="0" timestamp="19 Aug 2021 20:02:40 GMT" time="76.263" errors="0">
  <testcase name="newleadcreation" time="76.263" classname="Com.vtiger.Testscripts.Createnewlead"/>
</testsuite> <!-- Com.vtiger.Testscripts.Createnewlead -->
