<?xml version="1.0" encoding="UTF-8"?>
<!-- Generated by org.testng.reporters.JUnitReportReporter -->
<testsuite skipped="0" hostname="LAPTOP-2FUVDDR2" name="seleniumpackage.DemoTestng" tests="2" failures="0" timestamp="18 Aug 2021 18:29:28 GMT" time="0.018" errors="0">
  <testcase name="singin" time="0.001" classname="seleniumpackage.DemoTestng"/>
  <testcase name="singup" time="0.017" classname="seleniumpackage.DemoTestng"/>
</testsuite> <!-- seleniumpackage.DemoTestng -->
